2018-03-19 23:24:39.618 [main] INFO  edu.cuny.brooklyn.project.TreasureHuntConsoleApp edu.cuny.brooklyn.project.TreasureHuntConsoleApp.main(TreasureHuntConsoleApp.java:20) - TreasureHuntConsoleApp started.
2018-03-19 23:24:39.638 [main] DEBUG edu.cuny.brooklyn.project.frame.GameFrame edu.cuny.brooklyn.project.frame.GameFrame.<init>(GameFrame.java:32) - displayBufferHeight = 25 displayBufferWidth = 72
2018-03-19 23:24:39.638 [main] DEBUG edu.cuny.brooklyn.project.frame.GameFrame edu.cuny.brooklyn.project.frame.GameFrame.computeComponentPositions(GameFrame.java:107) - (xPosScoreWindow, yPosScoreWindow, xPosTreasureField, yPosTreasureField, xPosIoWindow, yPosIoWindow)  = (1, 1, 1, 4, 1, 21)
2018-03-19 23:24:39.638 [main] DEBUG edu.cuny.brooklyn.project.frame.GameFrame edu.cuny.brooklyn.project.frame.GameFrame.fillAllBorders(GameFrame.java:126) - ScoreWindow(xLeft, xRight, yTop, yBottom) = (0, 71, 0, 2)
2018-03-19 23:24:39.639 [main] DEBUG edu.cuny.brooklyn.project.frame.GameFrame edu.cuny.brooklyn.project.frame.GameFrame.fillBorder(GameFrame.java:150) - (xLeft, yTop, xRight, yBottom) = (0, 0, 71, 2)
2018-03-19 23:24:39.639 [main] DEBUG edu.cuny.brooklyn.project.frame.GameFrame edu.cuny.brooklyn.project.frame.GameFrame.fillBorder(GameFrame.java:151) - displayBuffer: height=25, width=72
2018-03-19 23:24:39.639 [main] DEBUG edu.cuny.brooklyn.project.frame.GameFrame edu.cuny.brooklyn.project.frame.GameFrame.fillAllBorders(GameFrame.java:135) - TreasureField(xLeft, xRight, yTop, yBottom) = (0, 71, 3, 19)
2018-03-19 23:24:39.639 [main] DEBUG edu.cuny.brooklyn.project.frame.GameFrame edu.cuny.brooklyn.project.frame.GameFrame.fillBorder(GameFrame.java:150) - (xLeft, yTop, xRight, yBottom) = (0, 3, 71, 19)
2018-03-19 23:24:39.640 [main] DEBUG edu.cuny.brooklyn.project.frame.GameFrame edu.cuny.brooklyn.project.frame.GameFrame.fillBorder(GameFrame.java:151) - displayBuffer: height=25, width=72
2018-03-19 23:24:39.640 [main] DEBUG edu.cuny.brooklyn.project.frame.GameFrame edu.cuny.brooklyn.project.frame.GameFrame.fillAllBorders(GameFrame.java:143) - IOWindow(xLeft, xRight, yTop, yBottom) = (0, 71, 20, 24)
2018-03-19 23:24:39.640 [main] DEBUG edu.cuny.brooklyn.project.frame.GameFrame edu.cuny.brooklyn.project.frame.GameFrame.fillBorder(GameFrame.java:150) - (xLeft, yTop, xRight, yBottom) = (0, 20, 71, 24)
2018-03-19 23:24:39.641 [main] DEBUG edu.cuny.brooklyn.project.frame.GameFrame edu.cuny.brooklyn.project.frame.GameFrame.fillBorder(GameFrame.java:151) - displayBuffer: height=25, width=72
2018-03-19 23:24:39.718 [main] DEBUG edu.cuny.brooklyn.project.frame.TreasureField edu.cuny.brooklyn.project.frame.TreasureField.placeTreasure(TreasureField.java:92) - Treasure is placed and bounded at (xLeft, yTop) -- (xRight, yBottom) = (18, 4) -- (28, 14)
2018-03-19 23:24:39.719 [main] DEBUG edu.cuny.brooklyn.project.puzzler.PuzzlerMaker edu.cuny.brooklyn.project.puzzler.PuzzlerMaker.make(PuzzlerMaker.java:11) - Puzzler type = 101
2018-03-19 23:24:39.720 [main] DEBUG edu.cuny.brooklyn.project.puzzler.PuzzlerMaker edu.cuny.brooklyn.project.puzzler.PuzzlerMaker.make(PuzzlerMaker.java:16) - Made a math puzzler: message = Sqrt(15) = ? and answer = 3.872983346207417
2018-03-19 23:24:45.291 [main] DEBUG edu.cuny.brooklyn.project.frame.GameIOWindow edu.cuny.brooklyn.project.frame.GameIOWindow.answerPuzzler(GameIOWindow.java:35) - User entered 3.8
2018-03-19 23:24:45.291 [main] DEBUG edu.cuny.brooklyn.project.puzzler.SqrtMathPuzzler edu.cuny.brooklyn.project.puzzler.SqrtMathPuzzler.isCorrect(SqrtMathPuzzler.java:38) - Correct answer
2018-03-19 23:24:45.292 [main] DEBUG edu.cuny.brooklyn.project.controller.GameController edu.cuny.brooklyn.project.controller.GameController.solvePuzzler(GameController.java:62) - User solved the puzzler in 1 steps.
2018-03-19 23:24:45.293 [main] DEBUG edu.cuny.brooklyn.project.frame.TreasureClue edu.cuny.brooklyn.project.frame.TreasureClue.getClue(TreasureClue.java:27) - Treasure is at (xLeft, yTop) -- (xRight, yBottom) = (18, 4) -- (28, 14)
2018-03-19 23:24:45.294 [main] DEBUG edu.cuny.brooklyn.project.frame.TreasureClue edu.cuny.brooklyn.project.frame.TreasureClue.getClue(TreasureClue.java:29) - Clue is given at (x, y) = (26, 9)
2018-03-19 23:24:47.150 [main] DEBUG edu.cuny.brooklyn.project.frame.GameIOWindow edu.cuny.brooklyn.project.frame.GameIOWindow.locateTreasure(GameIOWindow.java:43) - User entered 26,7
2018-03-19 23:24:47.151 [main] DEBUG edu.cuny.brooklyn.project.frame.TreasureField edu.cuny.brooklyn.project.frame.TreasureField.foundTreasure(TreasureField.java:42) - User's guess (x, y) = (26, 7)
2018-03-19 23:24:47.151 [main] DEBUG edu.cuny.brooklyn.project.frame.TreasureField edu.cuny.brooklyn.project.frame.TreasureField.foundTreasure(TreasureField.java:45) - Treasure is bounded at (xLeft, yTop) -- (xRight, yBottom) = (18, 4) -- (28, 14)
2018-03-19 23:24:47.152 [main] DEBUG edu.cuny.brooklyn.project.frame.TreasureField edu.cuny.brooklyn.project.frame.TreasureField.foundTreasure(TreasureField.java:50) - Treasure cell at (x, y) = (26,7)
2018-03-19 23:24:47.152 [main] DEBUG edu.cuny.brooklyn.project.controller.GameController edu.cuny.brooklyn.project.controller.GameController.locateTreasure(GameController.java:78) - User located the treasure in1 attempts.
2018-03-19 23:24:47.152 [main] DEBUG edu.cuny.brooklyn.project.controller.GameController edu.cuny.brooklyn.project.controller.GameController.runTheGame(GameController.java:44) - RoundScore = 100 TotalScore = 100
2018-03-19 23:24:47.152 [main] DEBUG edu.cuny.brooklyn.project.frame.TreasureField edu.cuny.brooklyn.project.frame.TreasureField.showTreasure(TreasureField.java:112) - Field Size (height, width) = (15, 70)
2018-03-19 23:24:47.152 [main] DEBUG edu.cuny.brooklyn.project.frame.TreasureField edu.cuny.brooklyn.project.frame.TreasureField.showTreasure(TreasureField.java:113) - Treasure Position (xLeft, yTop) = (18, 4)
2018-03-19 23:24:47.152 [main] DEBUG edu.cuny.brooklyn.project.frame.TreasureField edu.cuny.brooklyn.project.frame.TreasureField.showTreasure(TreasureField.java:114) - Treasure Boundingbox Size (width, length) = (10, 10)
2018-03-19 23:24:47.153 [main] DEBUG edu.cuny.brooklyn.project.frame.TreasureField edu.cuny.brooklyn.project.frame.TreasureField.showTreasure(TreasureField.java:115) - Treasure Cell at Field (x, y) = (18, 7)
2018-03-19 23:24:47.153 [main] DEBUG edu.cuny.brooklyn.project.frame.TreasureField edu.cuny.brooklyn.project.frame.TreasureField.showTreasure(TreasureField.java:112) - Field Size (height, width) = (15, 70)
2018-03-19 23:24:47.153 [main] DEBUG edu.cuny.brooklyn.project.frame.TreasureField edu.cuny.brooklyn.project.frame.TreasureField.showTreasure(TreasureField.java:113) - Treasure Position (xLeft, yTop) = (18, 4)
2018-03-19 23:24:47.153 [main] DEBUG edu.cuny.brooklyn.project.frame.TreasureField edu.cuny.brooklyn.project.frame.TreasureField.showTreasure(TreasureField.java:114) - Treasure Boundingbox Size (width, length) = (10, 10)
2018-03-19 23:24:47.153 [main] DEBUG edu.cuny.brooklyn.project.frame.TreasureField edu.cuny.brooklyn.project.frame.TreasureField.showTreasure(TreasureField.java:115) - Treasure Cell at Field (x, y) = (19, 7)
2018-03-19 23:24:47.153 [main] DEBUG edu.cuny.brooklyn.project.frame.TreasureField edu.cuny.brooklyn.project.frame.TreasureField.showTreasure(TreasureField.java:112) - Field Size (height, width) = (15, 70)
2018-03-19 23:24:47.153 [main] DEBUG edu.cuny.brooklyn.project.frame.TreasureField edu.cuny.brooklyn.project.frame.TreasureField.showTreasure(TreasureField.java:113) - Treasure Position (xLeft, yTop) = (18, 4)
2018-03-19 23:24:47.154 [main] DEBUG edu.cuny.brooklyn.project.frame.TreasureField edu.cuny.brooklyn.project.frame.TreasureField.showTreasure(TreasureField.java:114) - Treasure Boundingbox Size (width, length) = (10, 10)
2018-03-19 23:24:47.154 [main] DEBUG edu.cuny.brooklyn.project.frame.TreasureField edu.cuny.brooklyn.project.frame.TreasureField.showTreasure(TreasureField.java:115) - Treasure Cell at Field (x, y) = (20, 7)
2018-03-19 23:24:47.154 [main] DEBUG edu.cuny.brooklyn.project.frame.TreasureField edu.cuny.brooklyn.project.frame.TreasureField.showTreasure(TreasureField.java:112) - Field Size (height, width) = (15, 70)
2018-03-19 23:24:47.154 [main] DEBUG edu.cuny.brooklyn.project.frame.TreasureField edu.cuny.brooklyn.project.frame.TreasureField.showTreasure(TreasureField.java:113) - Treasure Position (xLeft, yTop) = (18, 4)
2018-03-19 23:24:47.154 [main] DEBUG edu.cuny.brooklyn.project.frame.TreasureField edu.cuny.brooklyn.project.frame.TreasureField.showTreasure(TreasureField.java:114) - Treasure Boundingbox Size (width, length) = (10, 10)
2018-03-19 23:24:47.154 [main] DEBUG edu.cuny.brooklyn.project.frame.TreasureField edu.cuny.brooklyn.project.frame.TreasureField.showTreasure(TreasureField.java:115) - Treasure Cell at Field (x, y) = (21, 7)
2018-03-19 23:24:47.154 [main] DEBUG edu.cuny.brooklyn.project.frame.TreasureField edu.cuny.brooklyn.project.frame.TreasureField.showTreasure(TreasureField.java:112) - Field Size (height, width) = (15, 70)
2018-03-19 23:24:47.155 [main] DEBUG edu.cuny.brooklyn.project.frame.TreasureField edu.cuny.brooklyn.project.frame.TreasureField.showTreasure(TreasureField.java:113) - Treasure Position (xLeft, yTop) = (18, 4)
2018-03-19 23:24:47.155 [main] DEBUG edu.cuny.brooklyn.project.frame.TreasureField edu.cuny.brooklyn.project.frame.TreasureField.showTreasure(TreasureField.java:114) - Treasure Boundingbox Size (width, length) = (10, 10)
2018-03-19 23:24:47.155 [main] DEBUG edu.cuny.brooklyn.project.frame.TreasureField edu.cuny.brooklyn.project.frame.TreasureField.showTreasure(TreasureField.java:115) - Treasure Cell at Field (x, y) = (22, 7)
2018-03-19 23:24:47.155 [main] DEBUG edu.cuny.brooklyn.project.frame.TreasureField edu.cuny.brooklyn.project.frame.TreasureField.showTreasure(TreasureField.java:112) - Field Size (height, width) = (15, 70)
2018-03-19 23:24:47.155 [main] DEBUG edu.cuny.brooklyn.project.frame.TreasureField edu.cuny.brooklyn.project.frame.TreasureField.showTreasure(TreasureField.java:113) - Treasure Position (xLeft, yTop) = (18, 4)
2018-03-19 23:24:47.155 [main] DEBUG edu.cuny.brooklyn.project.frame.TreasureField edu.cuny.brooklyn.project.frame.TreasureField.showTreasure(TreasureField.java:114) - Treasure Boundingbox Size (width, length) = (10, 10)
2018-03-19 23:24:47.155 [main] DEBUG edu.cuny.brooklyn.project.frame.TreasureField edu.cuny.brooklyn.project.frame.TreasureField.showTreasure(TreasureField.java:115) - Treasure Cell at Field (x, y) = (23, 7)
2018-03-19 23:24:47.156 [main] DEBUG edu.cuny.brooklyn.project.frame.TreasureField edu.cuny.brooklyn.project.frame.TreasureField.showTreasure(TreasureField.java:112) - Field Size (height, width) = (15, 70)
2018-03-19 23:24:47.156 [main] DEBUG edu.cuny.brooklyn.project.frame.TreasureField edu.cuny.brooklyn.project.frame.TreasureField.showTreasure(TreasureField.java:113) - Treasure Position (xLeft, yTop) = (18, 4)
2018-03-19 23:24:47.156 [main] DEBUG edu.cuny.brooklyn.project.frame.TreasureField edu.cuny.brooklyn.project.frame.TreasureField.showTreasure(TreasureField.java:114) - Treasure Boundingbox Size (width, length) = (10, 10)
2018-03-19 23:24:47.156 [main] DEBUG edu.cuny.brooklyn.project.frame.TreasureField edu.cuny.brooklyn.project.frame.TreasureField.showTreasure(TreasureField.java:115) - Treasure Cell at Field (x, y) = (24, 7)
2018-03-19 23:24:47.156 [main] DEBUG edu.cuny.brooklyn.project.frame.TreasureField edu.cuny.brooklyn.project.frame.TreasureField.showTreasure(TreasureField.java:112) - Field Size (height, width) = (15, 70)
2018-03-19 23:24:47.156 [main] DEBUG edu.cuny.brooklyn.project.frame.TreasureField edu.cuny.brooklyn.project.frame.TreasureField.showTreasure(TreasureField.java:113) - Treasure Position (xLeft, yTop) = (18, 4)
2018-03-19 23:24:47.156 [main] DEBUG edu.cuny.brooklyn.project.frame.TreasureField edu.cuny.brooklyn.project.frame.TreasureField.showTreasure(TreasureField.java:114) - Treasure Boundingbox Size (width, length) = (10, 10)
2018-03-19 23:24:47.157 [main] DEBUG edu.cuny.brooklyn.project.frame.TreasureField edu.cuny.brooklyn.project.frame.TreasureField.showTreasure(TreasureField.java:115) - Treasure Cell at Field (x, y) = (25, 7)
2018-03-19 23:24:47.157 [main] DEBUG edu.cuny.brooklyn.project.frame.TreasureField edu.cuny.brooklyn.project.frame.TreasureField.showTreasure(TreasureField.java:112) - Field Size (height, width) = (15, 70)
2018-03-19 23:24:47.157 [main] DEBUG edu.cuny.brooklyn.project.frame.TreasureField edu.cuny.brooklyn.project.frame.TreasureField.showTreasure(TreasureField.java:113) - Treasure Position (xLeft, yTop) = (18, 4)
2018-03-19 23:24:47.157 [main] DEBUG edu.cuny.brooklyn.project.frame.TreasureField edu.cuny.brooklyn.project.frame.TreasureField.showTreasure(TreasureField.java:114) - Treasure Boundingbox Size (width, length) = (10, 10)
2018-03-19 23:24:47.157 [main] DEBUG edu.cuny.brooklyn.project.frame.TreasureField edu.cuny.brooklyn.project.frame.TreasureField.showTreasure(TreasureField.java:115) - Treasure Cell at Field (x, y) = (26, 7)
2018-03-19 23:24:47.158 [main] DEBUG edu.cuny.brooklyn.project.frame.TreasureField edu.cuny.brooklyn.project.frame.TreasureField.showTreasure(TreasureField.java:112) - Field Size (height, width) = (15, 70)
2018-03-19 23:24:47.158 [main] DEBUG edu.cuny.brooklyn.project.frame.TreasureField edu.cuny.brooklyn.project.frame.TreasureField.showTreasure(TreasureField.java:113) - Treasure Position (xLeft, yTop) = (18, 4)
2018-03-19 23:24:47.159 [main] DEBUG edu.cuny.brooklyn.project.frame.TreasureField edu.cuny.brooklyn.project.frame.TreasureField.showTreasure(TreasureField.java:114) - Treasure Boundingbox Size (width, length) = (10, 10)
2018-03-19 23:24:47.159 [main] DEBUG edu.cuny.brooklyn.project.frame.TreasureField edu.cuny.brooklyn.project.frame.TreasureField.showTreasure(TreasureField.java:115) - Treasure Cell at Field (x, y) = (27, 7)
2018-03-19 23:24:47.159 [main] DEBUG edu.cuny.brooklyn.project.frame.TreasureField edu.cuny.brooklyn.project.frame.TreasureField.showTreasure(TreasureField.java:112) - Field Size (height, width) = (15, 70)
2018-03-19 23:24:47.159 [main] DEBUG edu.cuny.brooklyn.project.frame.TreasureField edu.cuny.brooklyn.project.frame.TreasureField.showTreasure(TreasureField.java:113) - Treasure Position (xLeft, yTop) = (18, 4)
2018-03-19 23:24:47.159 [main] DEBUG edu.cuny.brooklyn.project.frame.TreasureField edu.cuny.brooklyn.project.frame.TreasureField.showTreasure(TreasureField.java:114) - Treasure Boundingbox Size (width, length) = (10, 10)
2018-03-19 23:24:47.159 [main] DEBUG edu.cuny.brooklyn.project.frame.TreasureField edu.cuny.brooklyn.project.frame.TreasureField.showTreasure(TreasureField.java:115) - Treasure Cell at Field (x, y) = (18, 8)
2018-03-19 23:24:47.159 [main] DEBUG edu.cuny.brooklyn.project.frame.TreasureField edu.cuny.brooklyn.project.frame.TreasureField.showTreasure(TreasureField.java:112) - Field Size (height, width) = (15, 70)
2018-03-19 23:24:47.160 [main] DEBUG edu.cuny.brooklyn.project.frame.TreasureField edu.cuny.brooklyn.project.frame.TreasureField.showTreasure(TreasureField.java:113) - Treasure Position (xLeft, yTop) = (18, 4)
2018-03-19 23:24:47.160 [main] DEBUG edu.cuny.brooklyn.project.frame.TreasureField edu.cuny.brooklyn.project.frame.TreasureField.showTreasure(TreasureField.java:114) - Treasure Boundingbox Size (width, length) = (10, 10)
2018-03-19 23:24:47.160 [main] DEBUG edu.cuny.brooklyn.project.frame.TreasureField edu.cuny.brooklyn.project.frame.TreasureField.showTreasure(TreasureField.java:115) - Treasure Cell at Field (x, y) = (19, 8)
2018-03-19 23:24:47.160 [main] DEBUG edu.cuny.brooklyn.project.frame.TreasureField edu.cuny.brooklyn.project.frame.TreasureField.showTreasure(TreasureField.java:112) - Field Size (height, width) = (15, 70)
2018-03-19 23:24:47.160 [main] DEBUG edu.cuny.brooklyn.project.frame.TreasureField edu.cuny.brooklyn.project.frame.TreasureField.showTreasure(TreasureField.java:113) - Treasure Position (xLeft, yTop) = (18, 4)
2018-03-19 23:24:47.160 [main] DEBUG edu.cuny.brooklyn.project.frame.TreasureField edu.cuny.brooklyn.project.frame.TreasureField.showTreasure(TreasureField.java:114) - Treasure Boundingbox Size (width, length) = (10, 10)
2018-03-19 23:24:47.163 [main] DEBUG edu.cuny.brooklyn.project.frame.TreasureField edu.cuny.brooklyn.project.frame.TreasureField.showTreasure(TreasureField.java:115) - Treasure Cell at Field (x, y) = (20, 8)
2018-03-19 23:24:47.164 [main] DEBUG edu.cuny.brooklyn.project.frame.TreasureField edu.cuny.brooklyn.project.frame.TreasureField.showTreasure(TreasureField.java:112) - Field Size (height, width) = (15, 70)
2018-03-19 23:24:47.164 [main] DEBUG edu.cuny.brooklyn.project.frame.TreasureField edu.cuny.brooklyn.project.frame.TreasureField.showTreasure(TreasureField.java:113) - Treasure Position (xLeft, yTop) = (18, 4)
2018-03-19 23:24:47.164 [main] DEBUG edu.cuny.brooklyn.project.frame.TreasureField edu.cuny.brooklyn.project.frame.TreasureField.showTreasure(TreasureField.java:114) - Treasure Boundingbox Size (width, length) = (10, 10)
2018-03-19 23:24:47.164 [main] DEBUG edu.cuny.brooklyn.project.frame.TreasureField edu.cuny.brooklyn.project.frame.TreasureField.showTreasure(TreasureField.java:115) - Treasure Cell at Field (x, y) = (21, 8)
2018-03-19 23:24:47.164 [main] DEBUG edu.cuny.brooklyn.project.frame.TreasureField edu.cuny.brooklyn.project.frame.TreasureField.showTreasure(TreasureField.java:112) - Field Size (height, width) = (15, 70)
2018-03-19 23:24:47.165 [main] DEBUG edu.cuny.brooklyn.project.frame.TreasureField edu.cuny.brooklyn.project.frame.TreasureField.showTreasure(TreasureField.java:113) - Treasure Position (xLeft, yTop) = (18, 4)
2018-03-19 23:24:47.165 [main] DEBUG edu.cuny.brooklyn.project.frame.TreasureField edu.cuny.brooklyn.project.frame.TreasureField.showTreasure(TreasureField.java:114) - Treasure Boundingbox Size (width, length) = (10, 10)
2018-03-19 23:24:47.165 [main] DEBUG edu.cuny.brooklyn.project.frame.TreasureField edu.cuny.brooklyn.project.frame.TreasureField.showTreasure(TreasureField.java:115) - Treasure Cell at Field (x, y) = (22, 8)
2018-03-19 23:24:47.165 [main] DEBUG edu.cuny.brooklyn.project.frame.TreasureField edu.cuny.brooklyn.project.frame.TreasureField.showTreasure(TreasureField.java:112) - Field Size (height, width) = (15, 70)
2018-03-19 23:24:47.165 [main] DEBUG edu.cuny.brooklyn.project.frame.TreasureField edu.cuny.brooklyn.project.frame.TreasureField.showTreasure(TreasureField.java:113) - Treasure Position (xLeft, yTop) = (18, 4)
2018-03-19 23:24:47.165 [main] DEBUG edu.cuny.brooklyn.project.frame.TreasureField edu.cuny.brooklyn.project.frame.TreasureField.showTreasure(TreasureField.java:114) - Treasure Boundingbox Size (width, length) = (10, 10)
2018-03-19 23:24:47.165 [main] DEBUG edu.cuny.brooklyn.project.frame.TreasureField edu.cuny.brooklyn.project.frame.TreasureField.showTreasure(TreasureField.java:115) - Treasure Cell at Field (x, y) = (23, 8)
2018-03-19 23:24:47.166 [main] DEBUG edu.cuny.brooklyn.project.frame.TreasureField edu.cuny.brooklyn.project.frame.TreasureField.showTreasure(TreasureField.java:112) - Field Size (height, width) = (15, 70)
2018-03-19 23:24:47.166 [main] DEBUG edu.cuny.brooklyn.project.frame.TreasureField edu.cuny.brooklyn.project.frame.TreasureField.showTreasure(TreasureField.java:113) - Treasure Position (xLeft, yTop) = (18, 4)
2018-03-19 23:24:47.166 [main] DEBUG edu.cuny.brooklyn.project.frame.TreasureField edu.cuny.brooklyn.project.frame.TreasureField.showTreasure(TreasureField.java:114) - Treasure Boundingbox Size (width, length) = (10, 10)
2018-03-19 23:24:47.166 [main] DEBUG edu.cuny.brooklyn.project.frame.TreasureField edu.cuny.brooklyn.project.frame.TreasureField.showTreasure(TreasureField.java:115) - Treasure Cell at Field (x, y) = (24, 8)
2018-03-19 23:24:47.166 [main] DEBUG edu.cuny.brooklyn.project.frame.TreasureField edu.cuny.brooklyn.project.frame.TreasureField.showTreasure(TreasureField.java:112) - Field Size (height, width) = (15, 70)
2018-03-19 23:24:47.166 [main] DEBUG edu.cuny.brooklyn.project.frame.TreasureField edu.cuny.brooklyn.project.frame.TreasureField.showTreasure(TreasureField.java:113) - Treasure Position (xLeft, yTop) = (18, 4)
2018-03-19 23:24:47.166 [main] DEBUG edu.cuny.brooklyn.project.frame.TreasureField edu.cuny.brooklyn.project.frame.TreasureField.showTreasure(TreasureField.java:114) - Treasure Boundingbox Size (width, length) = (10, 10)
2018-03-19 23:24:47.166 [main] DEBUG edu.cuny.brooklyn.project.frame.TreasureField edu.cuny.brooklyn.project.frame.TreasureField.showTreasure(TreasureField.java:115) - Treasure Cell at Field (x, y) = (25, 8)
2018-03-19 23:24:47.167 [main] DEBUG edu.cuny.brooklyn.project.frame.TreasureField edu.cuny.brooklyn.project.frame.TreasureField.showTreasure(TreasureField.java:112) - Field Size (height, width) = (15, 70)
2018-03-19 23:24:47.167 [main] DEBUG edu.cuny.brooklyn.project.frame.TreasureField edu.cuny.brooklyn.project.frame.TreasureField.showTreasure(TreasureField.java:113) - Treasure Position (xLeft, yTop) = (18, 4)
2018-03-19 23:24:47.167 [main] DEBUG edu.cuny.brooklyn.project.frame.TreasureField edu.cuny.brooklyn.project.frame.TreasureField.showTreasure(TreasureField.java:114) - Treasure Boundingbox Size (width, length) = (10, 10)
2018-03-19 23:24:47.167 [main] DEBUG edu.cuny.brooklyn.project.frame.TreasureField edu.cuny.brooklyn.project.frame.TreasureField.showTreasure(TreasureField.java:115) - Treasure Cell at Field (x, y) = (26, 8)
2018-03-19 23:24:47.167 [main] DEBUG edu.cuny.brooklyn.project.frame.TreasureField edu.cuny.brooklyn.project.frame.TreasureField.showTreasure(TreasureField.java:112) - Field Size (height, width) = (15, 70)
2018-03-19 23:24:47.167 [main] DEBUG edu.cuny.brooklyn.project.frame.TreasureField edu.cuny.brooklyn.project.frame.TreasureField.showTreasure(TreasureField.java:113) - Treasure Position (xLeft, yTop) = (18, 4)
2018-03-19 23:24:47.167 [main] DEBUG edu.cuny.brooklyn.project.frame.TreasureField edu.cuny.brooklyn.project.frame.TreasureField.showTreasure(TreasureField.java:114) - Treasure Boundingbox Size (width, length) = (10, 10)
2018-03-19 23:24:47.168 [main] DEBUG edu.cuny.brooklyn.project.frame.TreasureField edu.cuny.brooklyn.project.frame.TreasureField.showTreasure(TreasureField.java:115) - Treasure Cell at Field (x, y) = (27, 8)
2018-03-19 23:24:47.168 [main] DEBUG edu.cuny.brooklyn.project.frame.TreasureField edu.cuny.brooklyn.project.frame.TreasureField.showTreasure(TreasureField.java:112) - Field Size (height, width) = (15, 70)
2018-03-19 23:24:47.168 [main] DEBUG edu.cuny.brooklyn.project.frame.TreasureField edu.cuny.brooklyn.project.frame.TreasureField.showTreasure(TreasureField.java:113) - Treasure Position (xLeft, yTop) = (18, 4)
2018-03-19 23:24:47.168 [main] DEBUG edu.cuny.brooklyn.project.frame.TreasureField edu.cuny.brooklyn.project.frame.TreasureField.showTreasure(TreasureField.java:114) - Treasure Boundingbox Size (width, length) = (10, 10)
2018-03-19 23:24:47.168 [main] DEBUG edu.cuny.brooklyn.project.frame.TreasureField edu.cuny.brooklyn.project.frame.TreasureField.showTreasure(TreasureField.java:115) - Treasure Cell at Field (x, y) = (18, 9)
2018-03-19 23:24:47.168 [main] DEBUG edu.cuny.brooklyn.project.frame.TreasureField edu.cuny.brooklyn.project.frame.TreasureField.showTreasure(TreasureField.java:112) - Field Size (height, width) = (15, 70)
2018-03-19 23:24:47.168 [main] DEBUG edu.cuny.brooklyn.project.frame.TreasureField edu.cuny.brooklyn.project.frame.TreasureField.showTreasure(TreasureField.java:113) - Treasure Position (xLeft, yTop) = (18, 4)
2018-03-19 23:24:47.169 [main] DEBUG edu.cuny.brooklyn.project.frame.TreasureField edu.cuny.brooklyn.project.frame.TreasureField.showTreasure(TreasureField.java:114) - Treasure Boundingbox Size (width, length) = (10, 10)
2018-03-19 23:24:47.169 [main] DEBUG edu.cuny.brooklyn.project.frame.TreasureField edu.cuny.brooklyn.project.frame.TreasureField.showTreasure(TreasureField.java:115) - Treasure Cell at Field (x, y) = (19, 9)
2018-03-19 23:24:47.169 [main] DEBUG edu.cuny.brooklyn.project.frame.TreasureField edu.cuny.brooklyn.project.frame.TreasureField.showTreasure(TreasureField.java:112) - Field Size (height, width) = (15, 70)
2018-03-19 23:24:47.169 [main] DEBUG edu.cuny.brooklyn.project.frame.TreasureField edu.cuny.brooklyn.project.frame.TreasureField.showTreasure(TreasureField.java:113) - Treasure Position (xLeft, yTop) = (18, 4)
2018-03-19 23:24:47.169 [main] DEBUG edu.cuny.brooklyn.project.frame.TreasureField edu.cuny.brooklyn.project.frame.TreasureField.showTreasure(TreasureField.java:114) - Treasure Boundingbox Size (width, length) = (10, 10)
2018-03-19 23:24:47.169 [main] DEBUG edu.cuny.brooklyn.project.frame.TreasureField edu.cuny.brooklyn.project.frame.TreasureField.showTreasure(TreasureField.java:115) - Treasure Cell at Field (x, y) = (20, 9)
2018-03-19 23:24:47.169 [main] DEBUG edu.cuny.brooklyn.project.frame.TreasureField edu.cuny.brooklyn.project.frame.TreasureField.showTreasure(TreasureField.java:112) - Field Size (height, width) = (15, 70)
2018-03-19 23:24:47.169 [main] DEBUG edu.cuny.brooklyn.project.frame.TreasureField edu.cuny.brooklyn.project.frame.TreasureField.showTreasure(TreasureField.java:113) - Treasure Position (xLeft, yTop) = (18, 4)
2018-03-19 23:24:47.170 [main] DEBUG edu.cuny.brooklyn.project.frame.TreasureField edu.cuny.brooklyn.project.frame.TreasureField.showTreasure(TreasureField.java:114) - Treasure Boundingbox Size (width, length) = (10, 10)
2018-03-19 23:24:47.170 [main] DEBUG edu.cuny.brooklyn.project.frame.TreasureField edu.cuny.brooklyn.project.frame.TreasureField.showTreasure(TreasureField.java:115) - Treasure Cell at Field (x, y) = (21, 9)
2018-03-19 23:24:47.170 [main] DEBUG edu.cuny.brooklyn.project.frame.TreasureField edu.cuny.brooklyn.project.frame.TreasureField.showTreasure(TreasureField.java:112) - Field Size (height, width) = (15, 70)
2018-03-19 23:24:47.170 [main] DEBUG edu.cuny.brooklyn.project.frame.TreasureField edu.cuny.brooklyn.project.frame.TreasureField.showTreasure(TreasureField.java:113) - Treasure Position (xLeft, yTop) = (18, 4)
2018-03-19 23:24:47.170 [main] DEBUG edu.cuny.brooklyn.project.frame.TreasureField edu.cuny.brooklyn.project.frame.TreasureField.showTreasure(TreasureField.java:114) - Treasure Boundingbox Size (width, length) = (10, 10)
2018-03-19 23:24:47.170 [main] DEBUG edu.cuny.brooklyn.project.frame.TreasureField edu.cuny.brooklyn.project.frame.TreasureField.showTreasure(TreasureField.java:115) - Treasure Cell at Field (x, y) = (22, 9)
2018-03-19 23:24:47.170 [main] DEBUG edu.cuny.brooklyn.project.frame.TreasureField edu.cuny.brooklyn.project.frame.TreasureField.showTreasure(TreasureField.java:112) - Field Size (height, width) = (15, 70)
2018-03-19 23:24:47.170 [main] DEBUG edu.cuny.brooklyn.project.frame.TreasureField edu.cuny.brooklyn.project.frame.TreasureField.showTreasure(TreasureField.java:113) - Treasure Position (xLeft, yTop) = (18, 4)
2018-03-19 23:24:47.171 [main] DEBUG edu.cuny.brooklyn.project.frame.TreasureField edu.cuny.brooklyn.project.frame.TreasureField.showTreasure(TreasureField.java:114) - Treasure Boundingbox Size (width, length) = (10, 10)
2018-03-19 23:24:47.171 [main] DEBUG edu.cuny.brooklyn.project.frame.TreasureField edu.cuny.brooklyn.project.frame.TreasureField.showTreasure(TreasureField.java:115) - Treasure Cell at Field (x, y) = (23, 9)
2018-03-19 23:24:47.171 [main] DEBUG edu.cuny.brooklyn.project.frame.TreasureField edu.cuny.brooklyn.project.frame.TreasureField.showTreasure(TreasureField.java:112) - Field Size (height, width) = (15, 70)
2018-03-19 23:24:47.171 [main] DEBUG edu.cuny.brooklyn.project.frame.TreasureField edu.cuny.brooklyn.project.frame.TreasureField.showTreasure(TreasureField.java:113) - Treasure Position (xLeft, yTop) = (18, 4)
2018-03-19 23:24:47.171 [main] DEBUG edu.cuny.brooklyn.project.frame.TreasureField edu.cuny.brooklyn.project.frame.TreasureField.showTreasure(TreasureField.java:114) - Treasure Boundingbox Size (width, length) = (10, 10)
2018-03-19 23:24:47.171 [main] DEBUG edu.cuny.brooklyn.project.frame.TreasureField edu.cuny.brooklyn.project.frame.TreasureField.showTreasure(TreasureField.java:115) - Treasure Cell at Field (x, y) = (24, 9)
2018-03-19 23:24:47.172 [main] DEBUG edu.cuny.brooklyn.project.frame.TreasureField edu.cuny.brooklyn.project.frame.TreasureField.showTreasure(TreasureField.java:112) - Field Size (height, width) = (15, 70)
2018-03-19 23:24:47.172 [main] DEBUG edu.cuny.brooklyn.project.frame.TreasureField edu.cuny.brooklyn.project.frame.TreasureField.showTreasure(TreasureField.java:113) - Treasure Position (xLeft, yTop) = (18, 4)
2018-03-19 23:24:47.172 [main] DEBUG edu.cuny.brooklyn.project.frame.TreasureField edu.cuny.brooklyn.project.frame.TreasureField.showTreasure(TreasureField.java:114) - Treasure Boundingbox Size (width, length) = (10, 10)
2018-03-19 23:24:47.172 [main] DEBUG edu.cuny.brooklyn.project.frame.TreasureField edu.cuny.brooklyn.project.frame.TreasureField.showTreasure(TreasureField.java:115) - Treasure Cell at Field (x, y) = (25, 9)
2018-03-19 23:24:47.172 [main] DEBUG edu.cuny.brooklyn.project.frame.TreasureField edu.cuny.brooklyn.project.frame.TreasureField.showTreasure(TreasureField.java:112) - Field Size (height, width) = (15, 70)
2018-03-19 23:24:47.172 [main] DEBUG edu.cuny.brooklyn.project.frame.TreasureField edu.cuny.brooklyn.project.frame.TreasureField.showTreasure(TreasureField.java:113) - Treasure Position (xLeft, yTop) = (18, 4)
2018-03-19 23:24:47.172 [main] DEBUG edu.cuny.brooklyn.project.frame.TreasureField edu.cuny.brooklyn.project.frame.TreasureField.showTreasure(TreasureField.java:114) - Treasure Boundingbox Size (width, length) = (10, 10)
2018-03-19 23:24:47.172 [main] DEBUG edu.cuny.brooklyn.project.frame.TreasureField edu.cuny.brooklyn.project.frame.TreasureField.showTreasure(TreasureField.java:115) - Treasure Cell at Field (x, y) = (26, 9)
2018-03-19 23:24:47.172 [main] DEBUG edu.cuny.brooklyn.project.frame.TreasureField edu.cuny.brooklyn.project.frame.TreasureField.showTreasure(TreasureField.java:112) - Field Size (height, width) = (15, 70)
2018-03-19 23:24:47.173 [main] DEBUG edu.cuny.brooklyn.project.frame.TreasureField edu.cuny.brooklyn.project.frame.TreasureField.showTreasure(TreasureField.java:113) - Treasure Position (xLeft, yTop) = (18, 4)
2018-03-19 23:24:47.173 [main] DEBUG edu.cuny.brooklyn.project.frame.TreasureField edu.cuny.brooklyn.project.frame.TreasureField.showTreasure(TreasureField.java:114) - Treasure Boundingbox Size (width, length) = (10, 10)
2018-03-19 23:24:47.173 [main] DEBUG edu.cuny.brooklyn.project.frame.TreasureField edu.cuny.brooklyn.project.frame.TreasureField.showTreasure(TreasureField.java:115) - Treasure Cell at Field (x, y) = (27, 9)
2018-03-19 23:24:47.173 [main] DEBUG edu.cuny.brooklyn.project.frame.TreasureField edu.cuny.brooklyn.project.frame.TreasureField.showTreasure(TreasureField.java:112) - Field Size (height, width) = (15, 70)
2018-03-19 23:24:47.173 [main] DEBUG edu.cuny.brooklyn.project.frame.TreasureField edu.cuny.brooklyn.project.frame.TreasureField.showTreasure(TreasureField.java:113) - Treasure Position (xLeft, yTop) = (18, 4)
2018-03-19 23:24:47.173 [main] DEBUG edu.cuny.brooklyn.project.frame.TreasureField edu.cuny.brooklyn.project.frame.TreasureField.showTreasure(TreasureField.java:114) - Treasure Boundingbox Size (width, length) = (10, 10)
2018-03-19 23:24:47.173 [main] DEBUG edu.cuny.brooklyn.project.frame.TreasureField edu.cuny.brooklyn.project.frame.TreasureField.showTreasure(TreasureField.java:115) - Treasure Cell at Field (x, y) = (18, 10)
2018-03-19 23:24:47.174 [main] DEBUG edu.cuny.brooklyn.project.frame.TreasureField edu.cuny.brooklyn.project.frame.TreasureField.showTreasure(TreasureField.java:112) - Field Size (height, width) = (15, 70)
2018-03-19 23:24:47.174 [main] DEBUG edu.cuny.brooklyn.project.frame.TreasureField edu.cuny.brooklyn.project.frame.TreasureField.showTreasure(TreasureField.java:113) - Treasure Position (xLeft, yTop) = (18, 4)
2018-03-19 23:24:47.174 [main] DEBUG edu.cuny.brooklyn.project.frame.TreasureField edu.cuny.brooklyn.project.frame.TreasureField.showTreasure(TreasureField.java:114) - Treasure Boundingbox Size (width, length) = (10, 10)
2018-03-19 23:24:47.174 [main] DEBUG edu.cuny.brooklyn.project.frame.TreasureField edu.cuny.brooklyn.project.frame.TreasureField.showTreasure(TreasureField.java:115) - Treasure Cell at Field (x, y) = (19, 10)
2018-03-19 23:24:47.174 [main] DEBUG edu.cuny.brooklyn.project.frame.TreasureField edu.cuny.brooklyn.project.frame.TreasureField.showTreasure(TreasureField.java:112) - Field Size (height, width) = (15, 70)
2018-03-19 23:24:47.174 [main] DEBUG edu.cuny.brooklyn.project.frame.TreasureField edu.cuny.brooklyn.project.frame.TreasureField.showTreasure(TreasureField.java:113) - Treasure Position (xLeft, yTop) = (18, 4)
2018-03-19 23:24:47.175 [main] DEBUG edu.cuny.brooklyn.project.frame.TreasureField edu.cuny.brooklyn.project.frame.TreasureField.showTreasure(TreasureField.java:114) - Treasure Boundingbox Size (width, length) = (10, 10)
2018-03-19 23:24:47.175 [main] DEBUG edu.cuny.brooklyn.project.frame.TreasureField edu.cuny.brooklyn.project.frame.TreasureField.showTreasure(TreasureField.java:115) - Treasure Cell at Field (x, y) = (20, 10)
2018-03-19 23:24:47.175 [main] DEBUG edu.cuny.brooklyn.project.frame.TreasureField edu.cuny.brooklyn.project.frame.TreasureField.showTreasure(TreasureField.java:112) - Field Size (height, width) = (15, 70)
2018-03-19 23:24:47.175 [main] DEBUG edu.cuny.brooklyn.project.frame.TreasureField edu.cuny.brooklyn.project.frame.TreasureField.showTreasure(TreasureField.java:113) - Treasure Position (xLeft, yTop) = (18, 4)
2018-03-19 23:24:47.175 [main] DEBUG edu.cuny.brooklyn.project.frame.TreasureField edu.cuny.brooklyn.project.frame.TreasureField.showTreasure(TreasureField.java:114) - Treasure Boundingbox Size (width, length) = (10, 10)
2018-03-19 23:24:47.175 [main] DEBUG edu.cuny.brooklyn.project.frame.TreasureField edu.cuny.brooklyn.project.frame.TreasureField.showTreasure(TreasureField.java:115) - Treasure Cell at Field (x, y) = (21, 10)
2018-03-19 23:24:47.175 [main] DEBUG edu.cuny.brooklyn.project.frame.TreasureField edu.cuny.brooklyn.project.frame.TreasureField.showTreasure(TreasureField.java:112) - Field Size (height, width) = (15, 70)
2018-03-19 23:24:47.175 [main] DEBUG edu.cuny.brooklyn.project.frame.TreasureField edu.cuny.brooklyn.project.frame.TreasureField.showTreasure(TreasureField.java:113) - Treasure Position (xLeft, yTop) = (18, 4)
2018-03-19 23:24:47.176 [main] DEBUG edu.cuny.brooklyn.project.frame.TreasureField edu.cuny.brooklyn.project.frame.TreasureField.showTreasure(TreasureField.java:114) - Treasure Boundingbox Size (width, length) = (10, 10)
2018-03-19 23:24:47.176 [main] DEBUG edu.cuny.brooklyn.project.frame.TreasureField edu.cuny.brooklyn.project.frame.TreasureField.showTreasure(TreasureField.java:115) - Treasure Cell at Field (x, y) = (22, 10)
2018-03-19 23:24:47.176 [main] DEBUG edu.cuny.brooklyn.project.frame.TreasureField edu.cuny.brooklyn.project.frame.TreasureField.showTreasure(TreasureField.java:112) - Field Size (height, width) = (15, 70)
2018-03-19 23:24:47.176 [main] DEBUG edu.cuny.brooklyn.project.frame.TreasureField edu.cuny.brooklyn.project.frame.TreasureField.showTreasure(TreasureField.java:113) - Treasure Position (xLeft, yTop) = (18, 4)
2018-03-19 23:24:47.176 [main] DEBUG edu.cuny.brooklyn.project.frame.TreasureField edu.cuny.brooklyn.project.frame.TreasureField.showTreasure(TreasureField.java:114) - Treasure Boundingbox Size (width, length) = (10, 10)
2018-03-19 23:24:47.176 [main] DEBUG edu.cuny.brooklyn.project.frame.TreasureField edu.cuny.brooklyn.project.frame.TreasureField.showTreasure(TreasureField.java:115) - Treasure Cell at Field (x, y) = (23, 10)
2018-03-19 23:24:47.176 [main] DEBUG edu.cuny.brooklyn.project.frame.TreasureField edu.cuny.brooklyn.project.frame.TreasureField.showTreasure(TreasureField.java:112) - Field Size (height, width) = (15, 70)
2018-03-19 23:24:47.176 [main] DEBUG edu.cuny.brooklyn.project.frame.TreasureField edu.cuny.brooklyn.project.frame.TreasureField.showTreasure(TreasureField.java:113) - Treasure Position (xLeft, yTop) = (18, 4)
2018-03-19 23:24:47.177 [main] DEBUG edu.cuny.brooklyn.project.frame.TreasureField edu.cuny.brooklyn.project.frame.TreasureField.showTreasure(TreasureField.java:114) - Treasure Boundingbox Size (width, length) = (10, 10)
2018-03-19 23:24:47.177 [main] DEBUG edu.cuny.brooklyn.project.frame.TreasureField edu.cuny.brooklyn.project.frame.TreasureField.showTreasure(TreasureField.java:115) - Treasure Cell at Field (x, y) = (24, 10)
2018-03-19 23:24:47.177 [main] DEBUG edu.cuny.brooklyn.project.frame.TreasureField edu.cuny.brooklyn.project.frame.TreasureField.showTreasure(TreasureField.java:112) - Field Size (height, width) = (15, 70)
2018-03-19 23:24:47.177 [main] DEBUG edu.cuny.brooklyn.project.frame.TreasureField edu.cuny.brooklyn.project.frame.TreasureField.showTreasure(TreasureField.java:113) - Treasure Position (xLeft, yTop) = (18, 4)
2018-03-19 23:24:47.177 [main] DEBUG edu.cuny.brooklyn.project.frame.TreasureField edu.cuny.brooklyn.project.frame.TreasureField.showTreasure(TreasureField.java:114) - Treasure Boundingbox Size (width, length) = (10, 10)
2018-03-19 23:24:47.177 [main] DEBUG edu.cuny.brooklyn.project.frame.TreasureField edu.cuny.brooklyn.project.frame.TreasureField.showTreasure(TreasureField.java:115) - Treasure Cell at Field (x, y) = (25, 10)
2018-03-19 23:24:47.177 [main] DEBUG edu.cuny.brooklyn.project.frame.TreasureField edu.cuny.brooklyn.project.frame.TreasureField.showTreasure(TreasureField.java:112) - Field Size (height, width) = (15, 70)
2018-03-19 23:24:47.177 [main] DEBUG edu.cuny.brooklyn.project.frame.TreasureField edu.cuny.brooklyn.project.frame.TreasureField.showTreasure(TreasureField.java:113) - Treasure Position (xLeft, yTop) = (18, 4)
2018-03-19 23:24:47.178 [main] DEBUG edu.cuny.brooklyn.project.frame.TreasureField edu.cuny.brooklyn.project.frame.TreasureField.showTreasure(TreasureField.java:114) - Treasure Boundingbox Size (width, length) = (10, 10)
2018-03-19 23:24:47.178 [main] DEBUG edu.cuny.brooklyn.project.frame.TreasureField edu.cuny.brooklyn.project.frame.TreasureField.showTreasure(TreasureField.java:115) - Treasure Cell at Field (x, y) = (26, 10)
2018-03-19 23:24:47.178 [main] DEBUG edu.cuny.brooklyn.project.frame.TreasureField edu.cuny.brooklyn.project.frame.TreasureField.showTreasure(TreasureField.java:112) - Field Size (height, width) = (15, 70)
2018-03-19 23:24:47.178 [main] DEBUG edu.cuny.brooklyn.project.frame.TreasureField edu.cuny.brooklyn.project.frame.TreasureField.showTreasure(TreasureField.java:113) - Treasure Position (xLeft, yTop) = (18, 4)
2018-03-19 23:24:47.178 [main] DEBUG edu.cuny.brooklyn.project.frame.TreasureField edu.cuny.brooklyn.project.frame.TreasureField.showTreasure(TreasureField.java:114) - Treasure Boundingbox Size (width, length) = (10, 10)
2018-03-19 23:24:47.178 [main] DEBUG edu.cuny.brooklyn.project.frame.TreasureField edu.cuny.brooklyn.project.frame.TreasureField.showTreasure(TreasureField.java:115) - Treasure Cell at Field (x, y) = (27, 10)
2018-03-19 23:24:47.196 [main] INFO  edu.cuny.brooklyn.project.TreasureHuntConsoleApp edu.cuny.brooklyn.project.TreasureHuntConsoleApp.main(TreasureHuntConsoleApp.java:25) - TreasureHuntConsoleApp exits.
